3394

223992
3394 8045 9683
3447 8085 9705
3487 8114 9727
3523 8136 9697
3537 8147 9668
3481 8108 9636
3587 8179 9629
3631 8209 9650
3695 8250 9632
3781 8310 9644
3780 8309 9675
3766 8298 9694
3706 8257 9703
3645 8216 9711
3606 8192 9791
3655 8221 9822
3679 8243 9793
3713 8262 9814
3672 8238 9894
3610 8196 9943
3561 8164 9982
3533 8142 10011
3590 8181 10043
3639 8212 10034
3680 8243 10016
3736 8275 9976
3767 8298 9927
3794 8319 9887
3833 8348 9929
3848 8359 9919
3871 8380 9900
3838 8352 9838
3907 8403 9830
3901 8400 9669
3905 8401 9648
3917 8413 9598
3985 8462 9631
3992 8465 9560
3977 8457 9509
4025 8490 9460
4043 8501 9430
3984 8462 9408
3942 8431 9427
3961 8444 9357
3948 8436 9306
3908 8405 9315
3891 8395 9314
3875 8386 9284
3877 8388 9243
3856 8369 9222
3914 8409 9224
3938 8427 9275
4007 8476 9308
4020 8488 9278
4069 8526 9320
4105 8555 9362
4052 8514 9370
4109 8559 9271
4111 8560 9241
4081 8540 9230
4122 8572 9201
4102 8553 9160
4051 8513 9158
4015 8484 9126
3990 8464 9115
3932 8424 9124
3944 8432 9164
4002 8472 9176
4029 8491 9197
3872 8381 9162
3797 8321 9160
3798 8322 9129
3825 8344 9100
3805 8325 9069
3747 8284 9077
3732 8273 9107
3727 8271 9137
3741 8279 9188
3765 8297 9239
3818 8336 9271
3761 8295 9300
3786 8313 9331
3815 8333 9352
3744 8282 9360
3755 8290 9401
3710 8260 9400
3633 8210 9387
3589 8181 9366
3575 8172 9335
3545 8153 9304
3550 8155 9264
3535 8145 9243
3609 8195 9255
3687 8245 9268
3698 8253 9328
3738 8278 9451
3792 8318 9463
3836 8350 9424
3873 8382 9375
3878 8388 9486
3748 8285 9512
3702 8256 9490
3678 8243 9561
3638 8212 9579
3621 8202 9559
3582 8174 9507
3548 8154 9516
3536 8145 9496
3466 8096 9453
3413 8065 9462
3393 8045 9451
3389 8044 9481
3332 8013 9490
3271 7975 9448
3335 8016 9429
3352 8027 9400
3418 8068 9391
3508 8128 9404
3554 8158 9415
3599 8188 9437
3430 8073 9523
3426 8071 9563
3400 8049 9593
3359 8030 9561
3306 7999 9580
3246 7961 9538
3209 7932 9507
3191 7924 9456
3197 7926 9405
3261 7967 9387
3305 7999 9348
3341 8020 9349
3425 8071 9321
3444 8084 9260
3479 8107 9201
3469 8098 9170
3452 8089 9139
3441 8081 9099
3463 8092 9069
3486 8113 9070
3477 8104 9029
3446 8085 9008
3371 8034 9016
3296 7994 9014
3237 7953 9012
3176 7915 8970
3196 7926 8940
3242 7959 8891
3204 7930 8849
3208 7932 8799
3153 7902 8787
3111 7873 8766
3098 7865 8725
3131 7886 8706
3200 7928 8677
3288 7988 8690
3299 7996 8721
3316 8005 8762
3397 8047 8723
3421 8069 8684
3454 8090 8654
3424 8071 8633
3380 8039 8662
3344 8022 8601
3443 8084 8573
3502 8124 8575
3506 8126 8534
3465 8096 8513
3480 8108 8483
3417 8067 8481
3437 8079 8451
3422 8070 8421
3410 8061 8400
3474 8103 8372
3473 8103 8351
3517 8134 8343
3564 8166 8304
3522 8136 8292
3586 8178 8264
3653 8220 8235
3654 8221 8205
3637 8212 8174
3604 8192 8173
3593 8183 8143
3513 8132 8151
3515 8133 8130
3472 8103 8129
3442 8082 8138
3402 8051 8167
3342 8021 8146
3343 8022 8125
3314 8004 8094
3280 7983 8104
3265 7971 8133
3327 8010 8175
3167 7911 8121
3151 7900 8150
3105 7869 8169
3086 7860 8149
3055 7841 8118
3090 7862 8098
3058 7843 8057
3075 7855 8027
3130 7885 8039
3175 7915 8040
3227 7946 8021
3260 7967 8002
3319 8007 8004
3349 8026 8035
3396 8047 8015
3435 8077 8037
3432 8076 8057
3490 8117 8049
3525 8137 8050
3505 8126 8069
3520 8135 8090
3534 8145 8101
3585 8176 8072
3565 8167 8061
3648 8218 8053
3690 8247 8075
3739 8279 8036
3707 8259 8025
3709 8260 8015
3696 8251 7984
3758 8293 7955
3800 8323 7947
3839 8353 7958
3840 8355 7918
3775 8305 7895
3704 8257 7853
3644 8216 7851
3671 8238 7811
3666 8230 7771
3634 8211 7739
3573 8172 7697
3514 8133 7685
3458 8091 7714
3384 8040 7722
3309 8001 7700
3264 7971 7689
3276 7982 7659
3366 8033 7661
3412 8063 7652
3392 8045 7601
3395 8047 7571
3318 8006 7569
3272 7976 7578
3215 7936 7566
3228 7947 7526
3183 7919 7484
3137 7890 7463
3187 7921 7444
3245 7961 7456
3266 7972 7416
3278 7983 7396
3370 8034 7398
3348 8026 7347
3286 7986 7335
3303 7998 7285
3326 8010 7256
3291 7990 7245
3223 7940 7232
3219 7938 7283
3193 7925 7353
3173 7914 7373
3171 7913 7393
3141 7892 7402
3085 7860 7441
2959 7789 7458
2876 7739 7446
2849 7719 7425
2867 7731 7395
2868 7732 7365
2795 7693 7333
2767 7675 7291
2804 7696 7262
2861 7725 7294
2921 7766 7275
2979 7798 7236
2998 7810 7206
3031 7830 7197
3089 7862 7158
3097 7865 7108
3077 7856 7067
3044 7837 7036
3011 7817 7045
2909 7756 7052
2860 7725 7061
2781 7685 7059
2768 7676 7029
2771 7677 6998
2703 7637 7007
2653 7607 6985
2622 7588 6964
2610 7580 6913
2625 7590 6904
2627 7592 6873
2661 7613 6854
2728 7652 6886
2764 7671 6907
2748 7660 6937
2688 7630 6915
2780 7684 6847
2755 7665 6816
2785 7687 6786
2759 7667 6765
2832 7708 6757
2847 7719 6737
2874 7739 6748
2871 7737 6779
2863 7726 6808
2858 7723 6869
2880 7741 6930
2933 7772 6922
2964 7791 6943
3018 7820 6964
3034 7832 6924
3057 7843 6905
3038 7835 6864
2969 7794 6872
2974 7796 6832
2980 7799 6761
2997 7810 6741
3063 7851 6733
3069 7852 6703
3093 7863 6683
3096 7865 6643
3158 7905 6644
3160 7906 6624
3147 7897 6604
3179 7918 6584
3117 7877 6582
3101 7867 6592
3027 7826 6611
2973 7795 6619
2988 7804 6650
2916 7762 6668
2879 7741 6708
2791 7691 6686
2787 7689 6726
2709 7640 6704
2687 7630 6693
2667 7617 6763
2619 7587 6762
2546 7546 6760
2544 7545 6780
2578 7564 6811
2517 7524 6810
2463 7493 6818
2474 7502 6839
2418 7471 6858
2408 7462 6837
2330 7411 6855
2275 7380 6864
2239 7360 6863
2272 7379 6894
2247 7367 6924
2302 7397 6925
2374 7437 6937
2372 7436 6958
2414 7467 6949
2456 7489 6919
2509 7519 6911
2489 7508 6951
2521 7526 6992
2451 7485 7000
2446 7483 7040
2476 7503 7062
2532 7533 7073
2542 7544 7033
2631 7594 7045
2662 7614 7056
2646 7602 7106
2712 7642 7118
2710 7640 7148
2762 7669 7180
2816 7700 7181
2865 7730 7183
2875 7739 7213
2927 7770 7184
2936 7773 7114
3005 7813 7126
2838 7712 7121
2910 7758 7002
2925 7769 6972
2848 7719 6980
2834 7709 6959
3082 7859 6996
3205 7931 6969
3231 7951 6990
3312 8002 6962
3295 7993 6941
3269 7974 6920
3226 7945 6879
3254 7966 6859
3317 8006 6881
3373 8036 6883
3405 8056 6883
3408 8058 6843
3439 8080 6814
3496 8120 6815
3556 8159 6837
3538 8148 6877
3489 8117 6876
3519 8135 6927
3464 8095 6936
3501 8123 6987
3580 8174 6969
3584 8176 6929
3643 8216 6941
3659 8224 6972
3700 8256 6943
3734 8275 6974
3774 8305 6975
3770 8303 7016
3799 8323 7027
3827 8345 6997
3888 8395 7009
3884 8393 7050
3861 8372 7069
3870 8380 7110
3898 8399 7131
3924 8421 7102
3929 8423 7061
3989 8464 7043
4016 8485 7034
4055 8515 7025
4045 8506 7004
4087 8546 7006
4136 8586 7018
4162 8618 6979
4173 8630 6939
4147 8600 6938
4141 8591 6917
4149 8602 6887
4174 8632 6888
4193 8652 6899
4209 8674 6860
4217 8686 6830
4248 8727 6802
4256 8737 6812
4267 8748 6792
4283 8769 6773
4284 8770 6743
4268 8750 6742
4285 8771 6723
4298 8791 6734
4320 8822 6715
4313 8813 6694
4329 8843 6685
4345 8874 6677
4358 8895 6667
4364 8903 6708
4373 8922 6729
4387 8943 6710
4392 8954 6690
4406 8985 6691
4413 9005 6682
4407 8986 6651
4408 8988 6621
4415 9009 6602
4423 9030 6572
4420 9022 6541
4417 9012 6531
4427 9043 6512
4421 9024 6481
4429 9045 6462
4409 8994 6490
4395 8962 6509
4394 8961 6539
4396 8969 6590
4388 8948 6609
4371 8917 6628
4383 8936 6649
4372 8919 6577
4425 9037 6653
4430 9046 6684
4431 9054 6715
4424 9033 6734
4437 9072 6766
4447 9102 6778
4446 9101 6798
4436 9070 6817
4419 9020 6814
4416 9011 6784
4398 8970 6802
4397 8969 6822
4386 8940 6801
4381 8931 6760
4390 8952 6741
4405 8983 6742
4361 8900 6779
4357 8891 6748
4332 8852 6726
4328 8840 6756
4324 8829 6796
4341 8868 6818
4359 8898 6829
4367 8907 6860
4377 8926 6871
4375 8925 6901
4370 8913 6941
4353 8883 6940
4333 8853 6938
4321 8824 6907
4294 8782 6925
4286 8771 6945
4291 8781 6966
4269 8750 6964
4252 8732 6933
4259 8743 6903
4254 8734 6873
4231 8703 6902
4223 8691 6931
4229 8700 6972
4227 8698 7013
4218 8687 7032
4215 8685 7073
4178 8635 7050
4187 8643 7111
4150 8602 7120
4112 8561 7138
4064 8521 7126
4062 8519 7167
3995 8468 7174
3935 8427 7183
3895 8398 7171
3892 8396 7202
3889 8395 7222
3852 8364 7251
3812 8332 7280
3785 8313 7259
3730 8272 7277
3708 8260 7307
3650 8219 7335
3616 8200 7304
3558 8160 7292
3539 8148 7322
3507 8127 7352
3488 8115 7392
3476 8104 7421
3462 8092 7451
3409 8061 7480
3356 8029 7519
3527 8138 7554
3600 8189 7557
3588 8180 7516
3636 8212 7497
3623 8203 7466
3682 8244 7458
3718 8265 7428
3762 8296 7420
3843 8357 7402
3865 8378 7393
3915 8410 7344
3858 8371 7312
3906 8403 7273
3963 8445 7244
4014 8484 7266
4046 8506 7227
4117 8567 7239
4143 8596 7261
4135 8585 7291
4084 8543 7309
4066 8522 7339
4027 8491 7337
3981 8461 7346
4011 8480 7377
4039 8499 7408
4063 8519 7409
4095 8550 7380
4163 8622 7353
4188 8643 7334
4224 8694 7326
4265 8746 7308
4289 8776 7299
4302 8797 7280
4309 8806 7321
4322 8824 7352
4346 8874 7364
4356 8886 7334
4340 8867 7313
4360 8898 7294
4385 8939 7286
4399 8970 7267
4400 8971 7227
4401 8972 7207
4369 8911 7214
4343 8869 7253
4327 8839 7251
4317 8820 7230
4295 8782 7178
4258 8740 7196
4235 8709 7215
4204 8669 7203
4172 8629 7202
4170 8628 7232
4251 8728 7257
4243 8722 7155
4262 8745 7096
4264 8746 7065
4250 8728 7014
4316 8819 7018
4315 8818 7048
4351 8879 7031
4362 8900 7001
4374 8922 6982
4389 8951 7003
4384 8939 7033
4379 8928 7073
4339 8866 7091
4354 8885 7132
4414 9007 7097
4426 9038 7088
4418 9019 7057
4434 9060 7059
4450 9120 7061
4455 9131 7042
4454 9129 7082
4453 9128 7122
4451 9126 7163
4435 9064 7190
4393 8957 7337
4376 8925 7376
4363 8902 7426
4391 8953 7428
4403 8974 7409
4368 8910 7487
4350 8877 7546
4336 8864 7606
4365 8903 7648
4344 8870 7697
4352 8879 7728
4342 8868 7748
4349 8876 7789
4355 8885 7809
4337 8865 7819
4326 8836 7777
4303 8797 7745
4325 8829 7706
4311 8811 7654
4307 8803 7614
4287 8771 7643
4253 8733 7600
4230 8702 7599
4206 8671 7628
4177 8634 7556
4200 8666 7517
4225 8695 7548
4246 8725 7539
4274 8755 7551
4308 8805 7563
4310 8807 7523
4306 8800 7452
4292 8781 7431
4299 8792 7401
4312 8812 7412
4272 8752 7389
4260 8743 7368
4279 8763 7359
4239 8712 7387
4236 8710 7428
4222 8690 7427
4220 8688 7477
4182 8637 7475
4144 8596 7493
4138 8587 7463
4106 8556 7471
4056 8515 7500
4006 8476 7468
3965 8446 7457
3920 8416 7445
3890 8395 7454
3945 8434 7496
3957 8442 7547
3921 8420 7577
3866 8379 7595
3832 8348 7614
3778 8308 7602
3703 8257 7610
3670 8238 7589
3693 8249 7559
3628 8207 7598
3549 8155 7626
3624 8204 7668
3715 8264 7691
3745 8283 7712
3804 8324 7694
3760 8295 7662
3854 8366 7655
3950 8437 7668
3966 8446 7689
3930 8424 7718
3926 8422 7769
3941 8431 7800
3903 8401 7798
3850 8362 7766
3782 8311 7774
3834 8349 7816
3876 8387 7868
3953 8438 7871
3996 8468 7872
4040 8499 7863
4082 8541 7835
4065 8521 7814
4028 8491 7812
3980 8460 7821
4004 8474 7741
4005 8475 7711
4038 8498 7661
4079 8539 7643
4108 8558 7664
4121 8571 7604
4101 8553 7552
4133 8584 7533
4191 8651 7395
4270 8750 7439
4257 8738 7489
4189 8646 7738
4210 8676 7750
4232 8705 7781
4240 8713 7812
4244 8722 7843
4261 8744 7803
4314 8814 7826
4300 8792 7866
4318 8820 7918
4331 8851 7899
4335 8862 7879
4366 8903 7861
4382 8934 7862
4378 8926 7811
4380 8930 7720
4330 8849 7949
4334 8858 7980
4323 8826 8009
4301 8795 8038
4280 8764 8037
4296 8783 8068
4278 8762 8097
4276 8759 8168
4234 8707 8186
4233 8705 8226
4263 8745 8248
4245 8723 8287
4273 8752 8309
4293 8781 8341
4271 8750 8359
4277 8759 8390
4275 8758 8410
4297 8787 8432
4305 8799 8402
4255 8736 8450
4226 8696 8448
4214 8684 8488
4213 8683 8508
4192 8651 8537
4165 8624 8475
4115 8565 8442
4088 8546 8411
4090 8547 8381
4047 8507 8379
3991 8465 8418
3988 8463 8448
3983 8462 8478
3971 8450 8508
3998 8469 8539
4050 8510 8541
4094 8549 8573
4061 8518 8592
4019 8487 8591
3993 8467 8600
4036 8496 8621
3964 8445 8629
3931 8424 8659
3959 8443 8680
3973 8452 8710
3904 8401 8718
3868 8379 8758
3846 8358 8777
3829 8346 8807
3806 8326 8816
3828 8345 8847
3817 8334 8867
3851 8363 8888
3886 8393 8890
3918 8414 8881
3974 8454 8882
3967 8446 8842
3937 8427 8810
3940 8429 8760
3809 8329 8735
3779 8308 8755
3751 8287 8784
3716 8264 8834
3733 8274 8854
3771 8303 8886
3783 8311 8927
3820 8340 8958
3789 8317 9018
3845 8357 9040
3913 8409 8992
3969 8448 9024
3994 8467 9045
4048 8507 9057
4049 8507 9077
4041 8500 9006
4075 8532 8957
4068 8524 8916
4001 8472 8944
3927 8422 8931
4037 8496 8854
3885 8393 8657
3864 8374 8646
3822 8342 8685
3811 8331 8705
3801 8323 8654
3787 8314 8634
3731 8273 8642
3677 8243 8641
3719 8265 8591
3763 8296 8582
3750 8287 8541
3723 8267 8551
3769 8299 8512
3808 8329 8523
3859 8371 8484
3862 8372 8444
3853 8365 8373
3788 8315 8371
3759 8293 8410
3673 8241 8438
3617 8201 8437
3559 8161 8425
3574 8172 8395
3625 8204 8366
3661 8225 8357
3656 8223 8397
3721 8266 8338
3705 8257 8318
3662 8227 8306
3664 8229 8266
3740 8279 8278
3752 8288 8299
3791 8318 8310
3831 8347 8322
3899 8400 8283
3925 8421 8264
3982 8461 8276
4024 8490 8308
4080 8540 8320
4119 8569 8341
4129 8581 8302
4155 8610 8333
4190 8649 8355
4202 8668 8386
4168 8627 8395
4153 8607 8404
4067 8524 8441
4077 8533 8481
4031 8492 8490
3900 8400 8516
3936 8427 8588
3893 8396 8597
3724 8269 8500
3630 8209 8487
3598 8187 8517
3596 8186 8547
3581 8174 8587
3591 8182 8648
3602 8190 8679
3541 8150 8667
3492 8118 8716
3566 8168 8728
3665 8229 8711
3726 8270 8702
3595 8185 8800
3608 8193 8851
3657 8223 8852
3618 8201 8892
3542 8151 8889
3532 8142 8859
3440 8081 8876
3494 8119 8928
3468 8098 8948
3569 8169 8931
3612 8198 8972
3663 8228 8974
3626 8206 9013
3689 8246 9035
3701 8256 9015
3683 8244 9075
3640 8213 9074
3605 8192 9103
3635 8211 9124
3632 8210 9145
3651 8219 9185
3510 8129 9161
3530 8141 9111
3399 8049 9128
3324 8009 9116
3274 7978 9145
3240 7958 9134
3216 7937 9153
3256 7966 9174
3239 7955 9204
3214 7935 9193
3211 7934 9234
3248 7963 9255
3294 7992 9287
3188 7921 9294
3184 7919 9334
3124 7879 9332
3133 7887 9373
3060 7847 9371
3013 7818 9330
2957 7787 9338
2894 7749 9296
2833 7708 9295
2852 7720 9265
2919 7762 9226
2965 7791 9258
2999 7810 9279
3056 7841 9280
3053 7840 9300
3091 7862 9251
3112 7874 9211
3072 7854 9200
2986 7803 9208
2884 7745 9145
2824 7704 9163
2807 7696 9122
2760 7667 9081
2680 7626 9099
2604 7576 9087
2580 7565 9116
2577 7563 9157
2629 7592 9178
2693 7633 9170
2735 7654 9151
2778 7682 9202
2741 7658 9302
2738 7656 9333
2651 7606 9331
2615 7583 9380
2597 7572 9420
2642 7600 9462
2640 7598 9502
2586 7568 9491
2606 7577 9531
2656 7607 9533
2701 7636 9564
2784 7686 9567
2744 7659 9505
2789 7690 9486
2792 7691 9466
2800 7693 9415
2736 7654 9393
2695 7634 9382
2694 7633 9413
2803 7695 9365
2639 7598 9270
2590 7569 9248
2470 7499 9225
2398 7451 9172
2367 7432 9151
2326 7409 9201
2252 7369 9199
2218 7350 9178
2200 7342 9127
2156 7312 9105
2118 7291 9125
2116 7290 9165
2112 7288 9195
2134 7298 9206
2089 7275 9255
2011 7236 9244
1999 7227 9213
1925 7186 9211
1903 7164 9261
1843 7132 9290
1790 7100 9329
1761 7082 9298
1685 7042 9276
1724 7063 9256
1673 7034 9225
1771 7086 9187
1834 7126 9198
1857 7138 9159
1839 7130 9118
1755 7079 9126
1757 7080 9095
1760 7082 9065
1742 7073 9024
1707 7054 8993
1799 7104 9005
1870 7146 8987
1820 7117 8945
1784 7097 8934
1787 7099 8904
1736 7070 8872
1739 7072 8812
1810 7112 8824
1868 7143 8805
1909 7174 8806
1956 7205 8787
2008 7235 8799
2054 7256 8769
2088 7275 8801
2083 7273 8851
2143 7303 8852
2227 7354 8855
2297 7392 8897
2277 7380 8937
2310 7399 8978
2304 7397 9008
2248 7367 9017
2339 7416 9049
2320 7404 9089
2260 7374 9088
2282 7383 9119
2403 7455 9081
2504 7515 9084
2500 7514 9114
2490 7508 9033
2435 7478 9012
2461 7490 8962
2498 7512 8932
2479 7503 8912
2562 7554 8894
2634 7595 8885
2655 7607 8835
2571 7557 8833
2484 7506 8831
2416 7468 8789
2377 7438 8767
2361 7427 8787
2292 7390 8725
2213 7349 8733
2197 7340 8692
2222 7352 8662
2155 7312 8661
2099 7283 8629
2144 7304 8610
2086 7274 8588
2053 7255 8557
2030 7246 8536
2012 7237 8506
1985 7217 8515
1940 7198 8494
1929 7188 8473
1890 7158 8472
1895 7160 8432
1920 7180 8432
1946 7201 8413
2020 7241 8425
2097 7282 8417
2140 7301 8448
2172 7323 8408
2171 7323 8388
2230 7355 8359
2190 7336 8328
2234 7357 8309
2307 7398 8311
2376 7438 8312
2357 7426 8362
2413 7466 8364
2422 7474 8405
2482 7504 8426
2409 7462 8455
2352 7423 8433
2331 7411 8463
2325 7409 8503
2194 7339 8500
2110 7288 8508
2161 7316 8570
2231 7355 8602
2299 7393 8644
2368 7433 8656
2411 7465 8617
2358 7426 8595
2454 7487 8567
2492 7509 8538
2526 7530 8529
2609 7579 8551
2658 7611 8522
2732 7653 8473
2734 7654 8453
2806 7696 8415
2844 7716 8426
2872 7737 8406
2981 7799 8389
2992 7807 8429
2990 7806 8450
3039 7835 8471
3059 7844 8512
3110 7873 8533
3129 7884 8524
3170 7912 8565
3127 7881 8584
3087 7861 8573
3052 7840 8603
2993 7808 8642
3046 7837 8663
3009 7816 8693
2975 7796 8682
2904 7754 8720
2897 7752 8761
2915 7760 8801
2946 7781 8802
2982 7799 8834
3051 7839 8855
3083 7859 8866
3102 7868 8877
3042 7836 8916
3023 7824 8956
3004 7812 9006
2932 7771 9014
2918 7762 9004
2855 7721 9002
2776 7680 9030
2725 7650 9019
2685 7629 9038
2626 7590 9006
2552 7550 8984
2538 7539 9004
2596 7572 8955
2799 7693 8950
2802 7695 8910
2769 7676 8879
2835 7709 8830
2873 7737 8871
2977 7797 8884
2882 7744 8942
2913 7759 9064
2911 7758 9084
2960 7789 9076
2956 7787 9116
3119 7877 9140
3164 7909 9111
3088 7861 9049
3293 7991 9064
3363 8032 9056
3385 8041 9087
3321 8007 9176
3350 8026 9197
3406 8056 9199
3551 8156 9011
3725 8269 8955
3934 8426 9073
4139 8587 9090
4152 8605 9142
3773 8304 9553
3823 8342 9605
3484 8112 9777
3427 8071 9796
3453 8089 9847
3511 8129 9849
3553 8157 9901
3503 8125 9940
3448 8085 9928
3436 8077 9887
3337 8017 9874
3339 8019 9834
3257 7966 9872
3217 7937 9851
3182 7918 9819
3224 7940 9790
3168 7911 9758
3154 7902 9718
3192 7924 9688
3198 7926 9648
3099 7866 9625
3081 7857 9604
3122 7878 9575
3165 7909 9566
3108 7872 9494
3066 7851 9503
3015 7819 9542
2961 7789 9531
2890 7748 9539
2877 7740 9508
2978 7797 9592
2885 7745 9610
2905 7754 9650
3024 7824 9653
3073 7854 9675
3067 7851 9736
3048 7838 9806
2994 7808 9794
2940 7779 9763
2878 7740 9731
2745 7659 9727
2766 7672 9677
2713 7642 9656
2643 7600 9704
2591 7569 9703
2553 7550 9682
2575 7562 9642
2495 7511 9650
2462 7490 9669
2436 7478 9709
2373 7436 9738
2370 7434 9798
2283 7383 9806
2228 7354 9774
2177 7326 9713
2104 7286 9711
2113 7288 9671
2115 7289 9640
2041 7250 9608
2046 7252 9558
1950 7202 9556
1913 7175 9484
1832 7125 9471
1811 7113 9511
1844 7132 9522
1774 7089 9581
1698 7049 9579
1649 7021 9538
1702 7052 9519
1636 7014 9466
1638 7015 9436
1692 7046 9417
1732 7067 9398
1772 7088 9379
1858 7138 9391
1930 7190 9363
2016 7239 9385
2040 7250 9366
2026 7243 9315
2145 7304 9297
2207 7346 9269
2261 7374 9320
2333 7412 9373
2278 7380 9412
2238 7359 9431
2131 7297 9449
2031 7246 9477
2100 7284 9519
2168 7321 9601
2258 7372 9593
2242 7363 9563
2262 7375 9533
2340 7416 9514
2336 7413 9575
2347 7421 9636
2311 7399 9665
2196 7339 9663
2101 7284 9761
2024 7242 9790
2060 7261 9811
2138 7300 9853
2057 7259 9871
1969 7210 9839
1942 7199 9859
1904 7169 9837
1931 7191 9808
1897 7161 9786
1826 7121 9795
1795 7102 9753
1740 7072 9752
1682 7041 9771
1686 7042 9731
1729 7065 9681
1785 7097 9642
1847 7134 9714
1910 7174 9736
1957 7205 9707
1996 7226 9688
1927 7187 9656
1734 7069 9813
1754 7078 9843
1676 7037 9852
1693 7046 9882
1710 7055 9913
1744 7074 9924
1782 7094 9945
1779 7092 9996
1808 7111 10017
1788 7099 10057
1751 7077 10106
1817 7116 10138
1883 7154 10180
1958 7205 10182
2006 7234 10194
2070 7266 10175
2147 7306 10177
2178 7326 10188
2244 7365 10210
2321 7404 10242
2318 7403 10272
2259 7372 10281
2316 7401 10312
2255 7370 10331
2253 7369 10351
2268 7377 10392
2198 7340 10320
2142 7302 10268
2173 7323 10248
2079 7271 10276
2025 7242 10255
1974 7212 10243
1921 7180 10293
1941 7198 10334
2074 7269 10337
2135 7298 10369
2129 7296 10399
2448 7483 10296
2515 7522 10318
2561 7553 10309
2559 7552 10339
2524 7529 10389
2645 7601 10372
2696 7634 10312
2757 7665 10294
2720 7646 10262
2726 7650 10182
2674 7620 10160
2690 7632 10130
2737 7655 10061
2665 7615 10049
2671 7618 9978
2711 7640 9939
2752 7663 9879
2794 7692 9900
2825 7704 9861
2828 7706 9810
2923 7766 9823
2920 7765 9843
2950 7784 9874
2906 7754 9883
2934 7772 9924
2853 7720 9952
2811 7698 9992
2808 7696 10032
2888 7747 10024
2941 7779 9985
3032 7831 9957
3109 7872 9939
3155 7902 9960
3152 7900 10011
3201 7929 10032
3229 7947 10073
3163 7907 10072
3047 7837 10048
3028 7826 10068
2971 7794 10107
2862 7725 10084
2856 7721 10154
2881 7741 10165
2930 7770 10197
2996 7809 10229
3016 7819 10240
3019 7820 10209
2924 7767 10268
2864 7727 10266
2841 7714 10326
2938 7775 10329
2948 7782 10380
3000 7810 10431
2942 7779 10450
2895 7750 10429
2836 7710 10407
2819 7700 10406
2815 7699 10437
2809 7696 10497
2889 7747 10499
2976 7796 10542
2952 7785 10562
2987 7803 10613
2968 7792 10633
2898 7752 10621
2857 7721 10620
2714 7642 10576
2717 7644 10545
2699 7635 10505
3049 7838 10503
3115 7875 10576
3221 7938 10528
3243 7959 10509
3304 7998 10531
3338 8017 10572
3253 7965 10590
3186 7920 10477
3142 7892 10415
3172 7913 10395
3177 7915 10345
3146 7896 10334
3161 7906 10324
3079 7856 10322
3037 7834 10351
3092 7862 10403
3012 7817 10290
2818 7700 10194
2592 7569 10168
2554 7550 10147
2493 7510 10145
2471 7500 10125
2540 7542 10096
2466 7494 10033
2487 7507 9983
2491 7508 9953
2430 7477 9962
2458 7489 9912
2380 7439 9910
2329 7410 9878
2443 7482 9851
2514 7522 9863
2563 7554 9834
2603 7575 9804
2649 7604 9846
2698 7635 9817
2702 7636 9797
2550 7547 9753
2501 7514 9802
2598 7572 9875
2551 7549 9935
2548 7546 9995
2400 7452 10072
2354 7424 10020
2288 7386 9968
2249 7367 9947
2208 7346 9966
2179 7327 9935
2163 7318 9904
2128 7296 9954
2050 7254 9982
2061 7262 10033
2117 7290 10085
2214 7349 10118
2250 7367 10159
2308 7398 10150
2378 7438 10172
2341 7416 10212
2405 7456 10214
2535 7535 10258
2583 7566 10249
2293 7390 10100
2225 7353 10037
1951 7202 10021
1907 7172 9999
1923 7185 9929
1919 7177 9898
1634 7013 9942
1601 6995 9900
1541 6955 9888
1496 6924 9897
1557 6967 9849
1619 7008 9830
1574 6980 9778
1500 6929 9776
1504 6931 9726
1453 6902 9694
1457 6904 9664
1459 6906 9603
1443 6897 9583
1516 6939 9554
1487 6920 9513
1425 6890 9512
1410 6882 9471
1456 6904 9421
1353 6845 9388
1381 6857 9338
1483 6918 9331
1489 6921 9260
1386 6862 9237
1472 6914 9189
1440 6896 9158
1479 6917 9119
1529 6948 9110
1603 6997 9142
1570 6976 9172
1552 6964 9212
1576 6981 9283
1589 6989 9334
1679 7039 9346
1617 7007 9395
1567 6975 9414
1277 6801 9467
1200 6752 9425
1147 6723 9403
1099 6691 9442
1068 6670 9472
1143 6720 9484
1032 6647 9531
983 6617 9520
889 6566 9528
855 6545 9557
907 6574 9569
905 6573 9609
921 6581 9640
972 6612 9621
1008 6632 9632
1052 6663 9633
1128 6713 9635
1130 6715 9595
1223 6766 9577
1221 6764 9627
1202 6753 9647
1243 6782 9669
1330 6833 9661
1333 6835 9610
1339 6838 9560
1276 6800 9720
1303 6819 9761
1396 6868 9784
1392 6866 9834
1334 6835 9843
1309 6824 9873
1373 6854 9874
1348 6843 9904
1343 6841 9934
1265 6792 9912
1241 6780 9962
1304 6819 9984
1361 6848 10015
1289 6807 10034
1188 6746 10041
1118 6706 10019
1060 6667 9997
1019 6638 9966
1046 6660 9916
1124 6711 9918
1203 6754 9859
1168 6734 9838
1155 6727 9788
1210 6757 9779
1253 6786 9810
1176 6739 9727
1095 6689 9725
1069 6670 9684
1020 6639 9713
950 6599 9701
946 6597 9752
961 6605 9792
925 6583 9842
878 6561 9871
879 6561 9881
837 6531 9860
773 6494 9788
857 6546 9759
792 6507 9717
817 6519 9667
836 6530 9648
842 6533 9597
772 6493 9575
741 6472 9605
676 6431 9613
631 6399 9652
603 6380 9621
541 6340 9619
542 6341 9589
610 6384 9540
662 6416 9491
626 6396 9480
550 6346 9478
534 6335 9497
496 6313 9527
431 6262 9535
432 6262 9545
415 6250 9595
441 6270 9596
380 6219 9604
344 6190 9562
304 6158 9601
324 6176 9662
287 6145 9671
359 6206 9674
358 6204 9724
424 6256 9686
469 6287 9667
595 6376 9712
670 6426 9714
686 6438 9674
620 6393 9793
635 6401 9834
665 6420 9855
694 6441 9846
539 6339 9872
511 6320 9841
530 6332 9801
531 6333 9770
443 6272 9768
400 6240 9807
438 6269 9838
995 6622 9864
1075 6674 9826
1057 6666 9775
1012 6635 9571
824 6526 9526
743 6475 9534
734 6466 9513
768 6488 9454
785 6501 9394
787 6503 9343
729 6464 9321
762 6485 9302
790 6506 9283
767 6488 9241
795 6510 9192
863 6551 9173
924 6583 9144
904 6573 9134
841 6533 9132
807 6514 9101
789 6506 9050
872 6556 9052
933 6589 9003
1023 6640 8995
991 6621 8954
1071 6672 8956
1101 6692 8967
1144 6721 8999
1193 6749 9040
1190 6748 9061
1187 6746 9101
1256 6788 9072
1288 6807 9114
1312 6826 9135
1250 6785 9153
1167 6734 9151
1164 6733 9171
1087 6683 9169
1007 6631 9197
936 6590 9205
915 6578 9255
859 6548 9244
943 6596 9297
908 6575 9316
871 6555 9325
1002 6626 9308
1003 6627 9278
1064 6669 9259
1174 6738 9283
1215 6760 9253
1216 6762 9213
1293 6809 9296
1252 6786 9345
1207 6756 9354
1133 6716 9342
1055 6664 9370
998 6624 9369
896 6569 9457
709 6450 9401
675 6431 9370
681 6434 9320
619 6393 9328
559 6353 9316
528 6331 9346
494 6312 9325
497 6314 9284
445 6273 9293
466 6285 9253
384 6225 9230
349 6196 9198
327 6177 9167
386 6228 9159
408 6247 9190
455 6278 9182
458 6280 9141
510 6320 9143
572 6359 9165
570 6358 9205
582 6367 9216
633 6400 9167
637 6402 9126
698 6442 9128
701 6443 9108
623 6395 9055
593 6375 9044
592 6373 9075
578 6362 9114
514 6322 9093
463 6283 9061
434 6263 9050
387 6232 9068
403 6241 9089
365 6210 9108
333 6183 9046
282 6141 9064
261 6118 9144
229 6077 9153
259 6116 9195
277 6135 9206
318 6173 9258
354 6201 9320
363 6209 9361
414 6250 9362
453 6277 9424
484 6298 9415
503 6317 9436
482 6295 9476
584 6368 9438
602 6380 9398
575 6361 9357
672 6427 9229
646 6407 9005
706 6448 8997
690 6439 8966
613 6389 8944
574 6360 8922
552 6349 8952
581 6367 8983
492 6306 8991
465 6285 9010
452 6277 8979
406 6245 8998
766 6488 8999
834 6529 8980
819 6521 8929
755 6482 8897
868 6554 8880
960 6605 8872
1014 6636 8854
1040 6654 8895
1090 6685 8886
1106 6696 8856
1092 6688 8825
1138 6718 8827
1142 6720 8786
1214 6760 8778
1242 6781 8779
1275 6800 8790
1326 6830 8801
1324 6829 8832
1238 6777 8860
1206 6756 8889
1220 6764 8930
1285 6805 8922
1337 6836 8893
1375 6855 8934
1437 6894 8956
1433 6893 8986
1427 6891 9026
1342 6840 9044
1296 6810 9023
1307 6822 8983
1338 6838 9085
1120 6708 9049
1083 6678 9058
1001 6626 9075
1011 6635 9116
1114 6704 8917
942 6596 8832
892 6567 8820
1145 6722 8736
1103 6693 8694
1041 6655 8652
1077 6676 8623
1044 6657 8612
1000 6625 8631
959 6605 8640
941 6596 8619
885 6565 8618
930 6587 8589
891 6567 8578
811 6516 8585
776 6496 8585
813 6517 8565
779 6498 8544
781 6499 8514
736 6469 8502
705 6448 8532
721 6457 8553
702 6446 8582
714 6454 8623
625 6396 8570
628 6397 8540
663 6418 8510
630 6399 8479
601 6380 8458
589 6371 8427
556 6352 8416
509 6320 8445
474 6289 8464
429 6259 8463
409 6248 8483
468 6287 8515
464 6285 8565
498 6315 8567
519 6324 8587
558 6353 8609
568 6357 8528
567 6357 8518
655 6412 8429
668 6424 8389
624 6396 8338
594 6376 8327
650 6408 8288
689 6439 8279
725 6459 8280
708 6450 8239
753 6481 8240
756 6483 8190
697 6442 8208
700 6443 8168
763 6486 8119
747 6477 8088
685 6438 8066
645 6407 8065
661 6416 8096
611 6385 8115
546 6343 8143
532 6334 8133
517 6323 8152
577 6362 8184
569 6358 8265
505 6318 8263
523 6327 8294
481 6295 8323
444 6273 8363
461 6282 8393
418 6252 8392
362 6209 8441
336 6185 8520
383 6225 8532
405 6245 8553
533 6334 8355
718 6456 8340
815 6518 8313
894 6568 8315
918 6580 8285
969 6609 8317
1022 6640 8308
1006 6631 8277
957 6602 8235
1072 6673 8238
1102 6693 8239
1182 6743 8252
1246 6783 8274
1230 6770 8324
1240 6779 8354
1189 6748 8363
1135 6717 8382
1113 6704 8442
1054 6664 8430
1009 6634 8429
994 6622 8469
1037 6653 8470
1048 6661 8511
1098 6691 8512
1122 6710 8543
1158 6730 8554
1196 6751 8535
1263 6791 8547
1260 6790 8567
1272 6799 8588
1319 6828 8629
1251 6786 8658
1310 6825 8690
1356 6846 8681
1391 6864 8712
1412 6883 8743
1371 6853 8752
1344 6842 8771
1306 6822 8750
1231 6773 8728
1119 6707 8624
1063 6669 8562
985 6619 8539
953 6600 8518
864 6552 8456
798 6511 8464
802 6513 8424
754 6482 8432
844 6535 8384
884 6565 8395
927 6584 8417
962 6606 8377
1016 6637 8358
1109 6700 8310
1295 6810 8345
1323 6829 8377
1363 6849 8378
1403 6877 8419
1464 6908 8410
1449 6900 8370
1517 6940 8381
1560 6969 8393
1621 7009 8415
1645 7018 8446
1658 7026 8476
1709 7055 8508
1770 7086 8499
1819 7117 8480
1886 7156 8522
1849 7135 8542
1846 7134 8562
1781 7094 8550
1701 7052 8589
1650 7022 8587
1611 7002 8566
1591 6990 8606
1588 6989 8646
1559 6968 8666
1543 6956 8706
1659 7026 8709
1696 7048 8679
1804 7109 8672
1805 7110 8652
1862 7140 8643
1865 7142 8613
1973 7212 8626
1967 7210 8676
2017 7240 8688
2073 7269 8719
2111 7288 8740
1988 7218 8727
1887 7156 8745
1891 7158 8694
1728 7065 8741
1746 7075 8761
1653 7024 8759
1595 6993 8778
1651 7022 8800
1609 7001 8829
1547 6960 8837
1486 6920 8825
1423 6889 8834
1442 6897 8885
1524 6945 8948
1569 6976 8929
1675 7037 8932
1622 7009 8870
1580 6984 8990
1537 6953 8989
1593 6992 9041
1647 7020 9083
1908 7173 9059
1947 7201 9101
1968 7210 9131
2039 7250 9133
2084 7273 9073
2049 7254 9052
2108 7287 8993
2137 7299 8953
2195 7339 8965
2018 7240 8900
1971 7211 8869
1893 7159 8907
1856 7138 8926
1963 7208 8939
1962 7207 8969
1934 7195 9009
2191 7336 8793
2397 7451 8717
2442 7481 8719
2464 7493 8679
2539 7542 8701
2600 7573 8682
2633 7595 8653
2635 7596 8633
2637 7597 8612
2569 7556 8611
2566 7555 8631
2677 7625 8654
2756 7665 8676
2751 7663 8716
2797 7693 8718
2798 7693 8728
2765 7672 8747
2820 7701 8769
2723 7649 8807
2611 7580 8763
2614 7582 8723
2843 7715 8678
2814 7699 8587
2851 7720 8577
2854 7721 8537
2902 7753 8508
2796 7693 8495
2763 7669 8585
2944 7780 8590
3006 7813 8531
3145 7896 8474
3149 7897 8454
3181 7918 8424
3241 7959 8426
3323 8008 8448
3320 8007 8479
3297 7995 8529
3251 7964 8527
3234 7952 8577
3061 7848 8421
2945 7781 8327
2917 7762 8296
2949 7784 8267
2951 7785 8236
2870 7736 8194
2842 7715 8213
2782 7685 8212
2753 7664 8221
2731 7653 8241
2793 7692 8273
2822 7702 8293
2749 7661 8302
2743 7659 8342
2683 7628 8361
2672 7619 8330
2612 7581 8278
2647 7602 8259
2648 7604 8218
2602 7574 8197
2545 7545 8186
2503 7515 8164
2452 7485 8153
2387 7444 8181
2338 7416 8129
2285 7384 8158
2281 7382 8209
2315 7401 8230
2276 7380 8259
2185 7330 8247
2184 7330 8227
2095 7280 8214
2059 7260 8214
2056 7258 8264
2034 7247 8284
2010 7236 8303
1983 7216 8313
1953 7204 8353
1902 7164 8341
1851 7136 8279
1768 7085 8287
1712 7057 8245
1662 7027 8224
1716 7059 8195
1786 7098 8227
1875 7149 8219
1945 7200 8201
2023 7242 8162
2123 7293 8154
2141 7302 8175
2067 7265 8103
2028 7245 8092
2090 7277 8053
2114 7289 8023
2076 7270 8002
2058 7260 7981
2015 7239 8000
1944 7200 7978
1855 7138 8006
1816 7115 8066
1727 7065 8063
1731 7067 8013
1695 7048 7982
1646 7019 7960
1607 6999 7939
1627 7011 7899
1700 7050 7931
1794 7102 7913
1864 7142 7905
1900 7163 7906
1878 7152 7926
1814 7114 7853
1769 7086 7802
1691 7046 7800
1657 7026 7789
1614 7005 7818
1568 6976 7787
1605 6998 7747
1620 7009 7727
1608 7000 7697
1648 7021 7667
1610 7002 7646
1633 7013 7616
1563 6973 7625
1534 6951 7654
1519 6941 7644
1502 6930 7673
1545 6959 7695
1463 6908 7713
1498 6927 7744
1417 6886 7762
1414 6884 7803
1370 6852 7842
1406 6880 7894
1447 6899 7915
1488 6921 7885
1495 6923 7845
1550 6962 7867
1705 7053 7861
1733 7068 7750
1735 7070 7700
1825 7121 7702
1894 7160 7724
1949 7202 7705
2004 7233 7687
2022 7242 7717
2038 7250 7758
1965 7209 7766
1918 7177 7795
1854 7138 7773
1981 7215 7868
2029 7246 7839
2103 7285 7871
2205 7345 7894
2158 7313 7943
2221 7352 7965
2183 7330 8004
2365 7431 7999
2366 7431 8019
2421 7473 7980
2481 7504 7961
2520 7525 7942
2584 7567 7903
2608 7579 7853
2673 7620 7845
2657 7611 7814
2595 7572 7782
2516 7523 7760
2477 7503 7739
2543 7544 7731
2579 7565 7711
2636 7597 7682
2607 7578 7641
2536 7537 7670
2425 7475 7697
2385 7443 7726
2353 7424 7705
2296 7392 7744
2314 7401 7765
2328 7410 7806
2375 7438 7847
2303 7397 7856
2209 7348 7823
2212 7349 7813
2217 7350 7773
2153 7311 7741
2157 7313 7690
2203 7344 7681
2126 7295 7659
2127 7296 7639
2069 7266 7627
2107 7287 7598
2181 7328 7600
2254 7370 7551
2346 7421 7543
2384 7442 7534
2379 7439 7584
2439 7479 7596
2433 7478 7627
2360 7427 7634
2497 7512 7537
2601 7574 7520
2565 7555 7488
2502 7515 7466
2428 7476 7444
2486 7507 7416
2574 7561 7357
2624 7589 7389
2620 7587 7439
2654 7607 7460
2718 7646 7482
2761 7668 7453
2722 7648 7432
2689 7632 7350
2613 7582 7318
2676 7625 7269
2668 7617 7228
2739 7657 7240
2585 7568 7196
2588 7569 7155
2510 7519 7153
2457 7489 7142
2460 7490 7112
2415 7467 7181
2427 7476 7212
2410 7464 7252
2449 7484 7263
2518 7524 7265
2568 7556 7236
2522 7527 7194
2337 7414 7240
2301 7395 7208
2290 7387 7168
2273 7379 7127
2240 7360 7096
2291 7390 7087
2279 7381 7066
2350 7423 7038
2401 7454 7029
2322 7405 6976
2243 7364 7005
2175 7324 6993
2121 7293 6992
2081 7272 7021
2047 7254 6980
2066 7265 6950
2007 7235 6939
1955 7205 6937
1912 7175 6936
1845 7134 6944
1812 7114 6933
1869 7146 6894
1916 7177 6886
1961 7207 6877
2009 7236 6908
2014 7239 6838
1970 7211 6796
1922 7181 6785
1863 7142 6753
1807 7111 6761
1778 7092 6740
1721 7061 6759
1681 7040 6778
1665 7031 6748
1586 6989 6776
1553 6966 6846
1525 6946 6855
1475 6915 6854
1470 6913 6914
1520 6942 6926
1548 6961 6957
1577 6982 6948
1630 7012 6949
1668 7032 6970
1703 7053 6931
1726 7065 6891
1749 7077 6861
1753 7078 6831
1801 7107 6862
1835 7127 6863
1873 7149 6834
1836 7129 6813
1789 7100 6791
1830 7124 6711
1815 7115 6671
1783 7096 6660
1766 7085 6679
1745 7075 6669
1818 7117 6640
1853 7137 6631
1872 7147 6642
1859 7139 6601
1892 7159 6592
1896 7161 6551
1824 7121 6549
1756 7080 6548
1773 7089 6578
1803 7108 6610
1711 7057 6617
1677 7038 6586
1639 7016 6626
1635 7014 6666
1632 7013 6696
1536 6953 6674
1492 6922 6692
1452 6901 6722
1422 6889 6762
1385 6860 6740
1317 6828 6769
1380 6857 6801
1376 6856 6831
1399 6873 6903
1426 6891 6954
1446 6899 6985
1481 6918 7026
1418 6887 7035
1394 6867 7034
1359 6848 7013
1318 6828 7012
1315 6827 7032
1286 6806 7051
1236 6777 7020
1208 6757 6999
1186 6746 7018
1132 6716 7017
1116 6705 7047
1073 6674 7046
1029 6644 7044
997 6623 7064
956 6602 7093
898 6572 7082
850 6541 7090
800 6512 7069
801 6513 7028
805 6514 7008
843 6535 6989
888 6566 6980
910 6577 6960
893 6568 6930
876 6559 6899
833 6529 6898
814 6518 6928
764 6488 6906
744 6477 6936
683 6438 6914
724 6459 6885
752 6481 6855
739 6471 6835
710 6452 6813
678 6432 6802
653 6411 6822
617 6392 6791
656 6414 6751
642 6406 6720
719 6457 6692
778 6498 6684
825 6527 6716
875 6559 6687
847 6540 6656
852 6542 6605
865 6553 6575
926 6584 6566
977 6615 6548
973 6613 6598
954 6601 6638
948 6599 6678
929 6587 6728
887 6566 6748
981 6617 6730
1042 6657 6742
1031 6646 6761
1076 6675 6793
1105 6695 6804
1050 6663 6843
1024 6642 6852
996 6623 6841
1028 6644 6812
990 6621 6881
952 6600 6901
986 6620 6912
938 6591 6880
881 6563 6808
839 6532 6827
797 6511 6846
788 6504 6775
732 6466 6733
737 6470 6622
693 6441 6611
632 6400 6609
606 6381 6598
585 6369 6628
525 6329 6626
508 6320 6595
527 6331 6576
544 6342 6556
489 6302 6534
480 6295 6483
491 6306 6443
536 6338 6404
551 6348 6415
506 6319 6383
473 6289 6382
412 6249 6380
396 6238 6390
425 6257 6411
394 6236 6430
393 6235 6460
381 6223 6490
331 6182 6519
310 6162 6508
285 6143 6476
311 6164 6457
319 6174 6458
337 6186 6428
338 6187 6397
342 6190 6327
367 6212 6297
420 6253 6279
421 6254 6249
404 6245 6218
435 6266 6219
449 6277 6199
470 6288 6169
485 6299 6150
538 6339 6151
599 6380 6153
598 6378 6183
664 6419 6175
674 6431 6135
679 6433 6095
614 6392 6093
615 6392 6113
638 6404 6053
560 6354 6041
549 6346 5990
499 6317 5968
535 6338 5949
537 6339 5919
507 6320 5898
487 6300 5887
543 6342 5868
573 6360 5900
604 6381 5900
618 6393 5850
658 6415 5811
730 6465 5823
757 6484 5844
699 6443 5863
677 6432 5882
726 6460 5924
687 6439 5954
647 6408 5972
703 6447 6004
716 6456 6035
774 6496 6037
775 6496 6047
803 6514 6088
821 6523 6109
799 6512 6129
771 6493 6108
738 6471 6137
793 6510 6169
748 6479 6188
671 6427 6236
643 6407 6225
580 6365 6254
621 6395 6275
667 6424 6307
713 6454 6308
758 6484 6309
822 6525 6291
828 6528 6240
890 6567 6252
916 6579 6212
877 6560 6191
922 6582 6162
955 6602 6153
992 6622 6164
1005 6630 6205
1065 6670 6216
1086 6682 6176
1111 6704 6137
1129 6715 6117
1115 6705 6107
1117 6706 6087
1078 6677 6065
1081 6678 6035
1093 6689 6005
1062 6669 6004
1015 6637 6043
984 6618 6012
968 6609 5991
913 6578 6020
858 6548 6009
827 6528 5998
860 6549 5979
818 6520 5957
796 6511 5936
838 6532 5907
862 6551 5928
919 6581 5950
901 6573 5889
869 6555 5847
845 6536 5806
812 6517 5795
832 6529 5755
831 6529 5735
874 6559 5757
932 6589 5758
944 6597 5809
786 6503 5886
780 6499 5976
870 6555 6070
976 6615 6083
1026 6644 6124
1165 6734 6138
1162 6733 6158
1232 6774 6160
1267 6795 6141
1283 6805 6131
1300 6815 6152
1298 6813 6182
1352 6845 6143
1335 6836 6123
1357 6847 6093
1362 6849 6052
1366 6851 6002
1372 6854 5951
1351 6845 5921
1308 6824 5940
1281 6804 5939
1299 6815 5899
1313 6827 5859
1239 6778 5837
1204 6755 5886
1149 6725 5895
1127 6713 5935
1161 6732 5956
1217 6764 5927
1264 6792 5979
1258 6790 6009
1257 6789 6040
1255 6788 6060
1172 6738 6058
1136 6718 6037
1180 6742 6199
1139 6720 6229
1194 6750 6250
1225 6769 6271
1290 6808 6303
1320 6829 6294
1382 6858 6305
1379 6857 6336
1460 6907 6338
1461 6907 6358
1473 6915 6389
1507 6935 6410
1434 6894 6418
1413 6884 6408
1400 6875 6397
1409 6882 6448
1428 6892 6469
1469 6913 6449
1518 6941 6491
1549 6962 6482
1590 6990 6524
1623 7010 6535
1629 7012 6494
1688 7043 6485
1671 7034 6455
1598 6994 6433
1600 6995 6413
1616 7007 6373
1643 7017 6373
1697 7049 6334
1680 7040 6313
1719 7061 6294
1722 7062 6264
1667 7032 6263
1594 6993 6241
1535 6953 6229
1533 6951 6259
1531 6950 6289
1527 6948 6330
1544 6957 6370
1424 6890 6277
1407 6881 6246
1431 6893 6216
1491 6922 6227
1523 6945 6178
1513 6937 6127
1554 6967 6128
1642 7017 6141
1615 7006 6170
1654 7025 6202
1706 7054 6223
1780 7094 6235
1848 7135 6216
1888 7157 6187
1928 7188 6168
1959 7206 6209
1994 7226 6231
2064 7265 6242
2063 7264 6273
2027 7244 6282
1978 7214 6270
1911 7175 6228
1881 7154 6248
1841 7132 6297
1860 7140 6328
1906 7171 6319
2003 7231 6332
2042 7251 6353
2082 7273 6303
2154 7312 6335
2174 7324 6285
2226 7354 6297
2241 7363 6317
2256 7372 6358
2312 7400 6400
2345 7421 6391
2309 7399 6430
2246 7367 6469
2289 7387 6480
2323 7406 6501
2355 7425 6522
2300 7394 6541
2335 7413 6572
2383 7442 6594
2407 7462 6615
2381 7440 6644
2363 7429 6664
2343 7418 6694
2359 7427 6714
2390 7446 6736
2424 7475 6777
2349 7423 6795
2284 7384 6763
2201 7343 6771
2170 7323 6781
2169 7322 6811
2167 7321 6831
2164 7319 6861
2096 7282 6799
2160 7314 6750
2146 7306 6709
2232 7356 6721
2263 7376 6722
2267 7377 6702
2251 7368 6682
2271 7379 6652
2274 7380 6632
2313 7400 6632
2295 7391 6612
2257 7372 6591
2186 7332 6569
2120 7293 6537
2065 7265 6495
1991 7224 6493
1954 7205 6462
1995 7226 6443
1986 7218 6402
2071 7268 6424
2109 7288 6415
2193 7338 6438
2189 7336 6488
2021 7242 6545
2043 7251 6585
2075 7270 6607
2094 7280 6597
2166 7320 6619
2180 7328 6660
2133 7298 6658
1997 7227 6665
1987 7218 6645
1935 7197 6664
1960 7206 6675
1982 7216 6685
1993 7225 6706
2005 7234 6736
2052 7255 6717
1901 7164 6723
1637 7015 6878
1655 7025 6889
1572 6980 6988
1587 6989 7019
1584 6988 7039
1582 6987 7059
1514 6937 7057
1510 6936 7077
1508 6935 7107
1471 6913 7137
1429 6892 7166
1398 6872 7155
1404 6879 7216
1420 6888 7237
1395 6867 7266
1462 6907 7268
1526 6947 7280
1571 6977 7291
1644 7017 7303
1690 7046 7325
1689 7045 7365
1723 7063 7396
1767 7085 7377
1759 7082 7427
1796 7103 7428
1777 7090 7488
1821 7118 7530
1874 7149 7531
1939 7198 7554
2001 7229 7545
1984 7217 7595
1885 7156 7592
1882 7154 7643
1813 7114 7631
1725 7064 7609
1704 7053 7638
1640 7016 7566
1581 6986 7555
1555 6967 7513
1618 7008 7505
1661 7027 7526
1750 7077 7538
1624 7010 7455
1561 6972 7412
1538 6954 7361
1566 6975 7342
1505 6934 7340
1435 6894 7348
1494 6923 7380
1485 6920 7430
1408 6881 7408
1325 6830 7416
1271 6799 7435
1259 6790 7415
1227 6769 7434
1171 6737 7473
1184 6745 7504
1237 6777 7485
1302 6817 7476
1383 6858 7478
1445 6898 7470
1515 6939 7472
1438 6895 7540
1378 6856 7519
1331 6834 7548
1328 6833 7588
1368 6852 7599
1369 6852 7619
1305 6821 7618
1273 6800 7648
1192 6749 7645
1156 6729 7644
1154 6727 7685
1209 6757 7696
1254 6787 7708
1360 6848 7710
1354 6846 7751
1245 6783 7798
1181 6742 7817
1179 6740 7857
1157 6729 7887
1121 6709 7866
1096 6690 7845
1084 6680 7834
1100 6692 7794
1112 6704 7765
1036 6653 7773
1039 6654 7752
1056 6665 7712
1043 6657 7682
1033 6649 7631
1021 6640 7600
1070 6671 7581
1110 6701 7593
1199 6752 7585
1248 6784 7556
1104 6694 7511
1074 6674 7521
1038 6654 7510
993 6622 7549
934 6590 7578
835 6530 7575
829 6528 7626
791 6507 7645
765 6488 7614
723 6458 7612
644 6407 7620
622 6395 7650
579 6364 7669
548 6344 7668
478 6293 7666
483 6296 7605
436 6266 7604
427 6258 7563
376 6217 7571
372 6215 7602
382 6224 7643
347 6193 7661
284 6142 7659
286 6143 7639
268 6124 7608
289 6146 7579
323 6176 7580
326 6177 7550
378 6218 7531
399 6239 7522
440 6270 7513
486 6299 7535
504 6318 7556
540 6340 7536
513 6322 7485
460 6282 7463
462 6283 7433
389 6233 7431
355 6202 7450
330 6181 7459
309 6161 7468
294 6149 7498
272 6128 7527
352 6200 7500
357 6204 7409
407 6246 7360
451 6277 7342
502 6317 7353
524 6328 7334
565 6357 7375
563 6356 7386
597 6377 7376
648 6408 7357
684 6438 7369
727 6460 7329
751 6480 7330
782 6500 7341
851 6541 7323
899 6572 7314
917 6580 7345
970 6611 7336
988 6620 7367
931 6588 7396
966 6608 7417
1018 6638 7408
1079 6677 7440
978 6616 7458
882 6565 7465
854 6544 7485
903 6573 7516
770 6492 7513
712 6453 7491
654 6411 7519
707 6450 7561
566 6357 7608
522 6326 7607
607 6382 7720
666 6423 7712
695 6442 7743
740 6472 7744
760 6484 7694
823 6525 7686
883 6565 7708
880 6562 7758
920 6581 7790
935 6590 7820
949 6599 7851
989 6620 7832
1004 6628 7873
982 6617 7892
979 6616 7923
909 6576 7921
912 6577 7880
830 6528 7848
848 6540 7808
783 6500 7806
750 6479 7826
720 6457 7855
669 6425 7894
640 6404 7913
608 6382 7963
600 6380 7993
571 6359 8023
691 6440 8006
696 6442 7966
806 6514 7948
810 6516 7898
866 6553 7980
900 6572 8012
939 6591 8023
974 6613 7983
1025 6643 7994
1107 6697 7916
1080 6677 7905
1151 6726 7948
1205 6756 7959
1234 6776 7960
1224 6767 7929
1270 6798 7920
1321 6829 7902
1358 6847 7953
1311 6826 7962
1284 6805 7991
1349 6844 8013
1329 6833 8053
1432 6893 8056
1497 6925 8027
1478 6917 7966
1556 6967 7978
1641 7016 8021
1599 6994 8060
1564 6973 8070
1521 6942 8088
1468 6912 8097
1448 6900 8127
1405 6879 8146
1482 6918 8178
1558 6968 8201
1585 6988 8192
1573 6980 8151
1575 6981 8131
1628 7011 8132
1625 7010 8152
1683 7042 8113
1612 7003 8091
1809 7112 8136
1840 7131 8157
1879 7152 8158
1932 7194 8110
1924 7186 8069
2045 7252 7930
2136 7299 7801
1992 7224 7656
2152 7311 7508
2220 7352 7500
2202 7344 7449
2233 7357 7389
2269 7378 7369
2211 7349 7348
2216 7350 7318
2280 7381 7299
2332 7412 7280
2382 7441 7312
2362 7428 7392
2324 7406 7431
2319 7404 7462
2371 7435 7463
2402 7454 7484
2628 7592 7561
2644 7601 7581
2724 7650 7614
2706 7639 7654
2817 7700 7626
2892 7749 7669
2928 7770 7649
2963 7790 7650
2995 7809 7681
2955 7787 7721
3029 7828 7723
3078 7856 7764
3074 7855 7795
3128 7884 7826
3157 7904 7837
3194 7925 7808
3255 7966 7800
3259 7967 7769
3162 7907 7767
3106 7870 7684
3064 7851 7643
3156 7903 7625
3206 7931 7667
3071 7854 7582
3020 7823 7591
2947 7782 7610
2954 7786 7519
3041 7836 7521
3118 7877 7513
2985 7802 7378
2937 7774 7336
3080 7857 7279
3103 7869 7229
3268 7973 7183
3277 7983 7163
3346 8024 7155
3388 8044 7166
3365 8033 7196
3404 8055 7136
3415 8066 7116
3354 8028 7074
3285 7986 7103
3210 7934 7131
3199 7927 7060
3148 7897 7069
3143 7893 6927
3189 7923 6928
3178 7917 6827
3120 7878 6795
3222 7940 6777
3263 7971 6758
3311 8002 6729
3364 8033 6721
3403 8054 6701
3429 8073 6733
3457 8091 6774
3516 8134 6735
3562 8165 6716
3579 8174 6747
3560 8162 6787
3615 8200 6829
3668 8231 6820
3711 8261 6832
3728 8272 6812
3784 8313 6804
3816 8334 6784
3803 8324 6764
3842 8356 6745
3874 8385 6756
3910 8407 6727
3911 8408 6697
3897 8399 6666
3902 8401 6636
3955 8441 6648
3999 8471 6649
4030 8492 6640
4022 8490 6670
4021 8489 6700
4010 8478 6710
4017 8486 6761
4059 8516 6782
4034 8495 6802
4003 8474 6811
3972 8452 6850
3956 8441 6880
4012 8481 6872
4044 8502 6863
4100 8553 6865
4098 8551 6905
4072 8530 6924
4093 8549 6956
4071 8528 6965
4008 8477 6973
3949 8437 6971
3962 8445 7002
3970 8449 6921
3912 8408 6929
3879 8389 6898
3869 8380 6877
3881 8392 6848
3928 8423 6829
3946 8435 6769
3821 8342 6815
3795 8320 6865
3790 8318 6915
3749 8287 6924
3669 8238 6891
3649 8219 6870
3627 8207 6900
3620 8202 7021
3572 8171 7040
3529 8141 7039
3493 8119 7068
3451 8089 7057
3526 8138 7099
3504 8126 7139
3563 8166 7151
3611 8198 7112
3642 8215 7184
3686 8245 7185
3720 8266 7166
3764 8297 7157
3754 8289 7116
3793 8319 7117
3847 8359 7139
3830 8347 7179
3681 8244 7225
3594 8184 7213
3576 8173 7232
3544 8153 7221
3485 8113 7209
3497 8121 7260
3423 8071 7248
3355 8028 7297
3434 8077 7329
3597 8187 7354
3647 8217 7376
3691 8248 7367
3813 8333 7502
3837 8351 7553
3978 8458 7639
4137 8586 7725
4132 8583 7786
4131 8582 7806
4127 8581 7836
4118 8569 7866
4092 8548 7886
4070 8527 7915
4035 8496 7924
4057 8515 7955
4085 8544 7987
4076 8533 8016
4042 8501 8045
4013 8481 8034
3954 8440 8053
3922 8420 8052
3939 8429 8072
3867 8379 8070
3880 8390 8040
3835 8350 8029
3768 8299 8047
3776 8305 8128
3746 8284 8147
3735 8275 8126
3841 8355 8140
3844 8357 8110
3894 8397 8122
3951 8437 8133
3979 8458 8114
4058 8515 8177
4033 8494 8197
3987 8463 8216
3916 8412 8223
3849 8361 8241
3796 8320 8250
3814 8333 8190
3712 8261 8217
3614 8199 8012
3570 8170 7990
3528 8139 8009
3467 8098 8007
3470 8100 7967
3498 8121 7958
3500 8122 7928
3547 8154 7879
3592 8183 7910
3491 8118 7796
3450 8088 7775
3509 8129 7756
3557 8159 7778
3377 8037 7782
3334 8016 7812
3279 7983 7871
3247 7962 7890
3330 8012 7893
3386 8042 7904
3328 8011 7933
3292 7990 7932
3358 8030 7954
3220 7938 7970
3180 7918 7979
3121 7878 7957
3135 7889 7928
3104 7869 7927
3138 7890 7907
3030 7828 7935
3045 7837 7966
2991 7807 7975
2922 7766 7973
2903 7754 8023
2901 7753 8053
2859 7723 8042
2931 7771 8084
2967 7792 8065
3007 7814 8025
3116 7876 7998
3190 7923 8081
3252 7965 8052
3298 7996 8043
3070 7853 7845
3003 7812 7853
2929 7770 7882
2869 7732 7840
2900 7753 7821
2899 7753 7800
2970 7794 7802
2823 7704 7768
2827 7706 7738
2829 7707 7697
2887 7747 7709
2730 7653 7786
2664 7615 7724
2494 7511 7790
2511 7519 7851
2468 7498 7870
2389 7445 7908
2351 7423 7958
2531 7532 8013
2557 7552 8024
2513 7520 8043
2523 7528 8094
2589 7569 8096
2641 7600 8077
2670 7618 8118
2708 7639 8099
2742 7659 8120
2775 7680 8100
2773 7678 8151
2719 7646 8170
2679 7626 8169
2547 7546 8145
2541 7543 8226
2478 7503 8214
2473 7501 8254
2525 7530 8286
2469 7499 8315
2507 7518 8336
2582 7566 8379
2618 7585 8420
2599 7573 8460
2558 7552 8469
2298 7393 8411
2048 7254 8365
2000 7228 8263
1926 7187 8261
1656 7025 8274
1579 6984 8282
1509 6935 8260
1455 6904 8259
1436 6894 8278
1389 6864 8257
1346 6843 8276
1355 6846 8216
1336 6836 8215
1316 6827 8174
1322 6829 8124
1274 6800 8113
1212 6759 8121
1059 6667 8147
964 6607 8134
967 6608 8104
846 6538 8091
861 6550 8051
784 6500 8029
856 6546 8142
867 6554 8173
840 6532 8212
1183 6744 8009
1229 6770 7869
971 6612 7781
958 6604 7740
975 6614 7730
945 6597 7659
914 6578 7638
820 6522 7757
673 6429 7803
652 6410 7772
588 6370 7770
649 6408 7833
612 6386 7852
591 6373 7467
660 6415 7418
746 6477 7401
809 6515 7453
1097 6691 7370
1163 6733 7331
1244 6783 7343
1266 6794 7324
1332 6835 7305
1374 6855 7316
1345 6843 7356
1287 6806 7274
1222 6765 7282
1169 6736 7261
1153 6727 7240
1137 6718 7209
1191 6749 7190
1226 6769 7191
1262 6791 7162
1297 6812 7132
1195 6751 7140
1198 6752 7110
1219 6764 7080
1166 6734 7058
1148 6724 7078
1146 6723 7088
1126 6712 7108
1123 6711 7138
1141 6720 7169
1094 6689 7178
1067 6670 7146
1035 6651 7125
987 6620 7144
895 6569 7152
826 6527 7181
745 6477 7168
733 6466 7188
759 6484 7229
657 6414 7226
659 6415 7196
682 6437 7146
704 6448 7127
749 6479 7118
728 6461 7067
711 6453 7026
680 6433 7025
639 6404 6993
609 6383 7013
529 6332 7010
516 6323 6980
477 6292 6999
430 6262 6997
417 6251 7017
439 6270 7038
398 6239 7057
351 6199 7055
315 6169 7034
292 6147 7073
278 6136 7103
249 6106 7102
244 6097 7071
227 6076 7090
202 6036 7078
172 5986 7076
156 5965 7095
170 5984 7117
177 5997 7036
158 5968 7025
142 5947 7034
121 5906 7042
123 5908 7002
134 5939 6983
136 5940 6953
150 5961 6944
167 5981 6945
151 5962 6923
159 5973 6894
183 6012 6926
191 6023 6906
211 6052 6938
234 6081 6969
246 6102 6950
274 6133 6951
273 6131 6991
252 6110 7011
222 6070 6999
189 6019 7007
180 6009 6996
190 6020 6977
174 5990 6975
126 5911 6941
118 5902 6911
128 5913 6891
111 5893 6880
95 5863 6869
99 5872 6909
88 5851 6919
79 5840 6948
58 5799 6957
68 5818 6988
85 5847 6999
98 5867 7010
105 5879 6970
72 5822 6877
61 5804 6836
83 5846 6807
103 5878 6768
104 5879 6738
108 5890 6718
94 5861 6687
80 5841 6686
81 5842 6665
77 5833 6635
96 5864 6616
120 5905 6618
130 5917 6568
144 5949 6529
149 5961 6479
152 5963 6438
154 5964 6418
161 5975 6398
160 5975 6388
141 5946 6367
119 5905 6365
106 5884 6394
89 5853 6413
76 5833 6392
60 5802 6411
71 5822 6432
69 5820 6472
59 5800 6472
57 5799 6482
36 5748 6490
24 5730 6458
21 5720 6438
32 5741 6418
22 5722 6397
18 5701 6407
9 5670 6425
42 5761 6440
44 5763 6389
33 5744 6368
26 5736 6317
40 5756 6308
46 5776 6319
48 5777 6289
54 5789 6249
65 5810 6229
70 5822 6200
66 5813 6159
82 5844 6160
100 5873 6171
101 5874 6151
90 5855 6120
97 5867 6090
74 5827 6089
56 5797 6077
64 5808 6047
49 5779 6026
55 5790 5996
30 5740 5984
28 5738 6034
27 5737 6064
45 5774 6127
52 5784 6137
51 5783 6168
43 5762 6187
31 5741 6206
39 5750 6227
29 5738 6267
20 5716 6296
15 5698 6265
8 5669 6213
6 5661 6182
17 5701 6184
19 5712 6154
11 5673 6132
2 5652 6142
3 5654 6101
86 5848 6049
92 5860 6009
109 5891 6000
117 5902 5971
131 5920 6022
124 5909 6042
132 5928 6083
148 5959 6064
147 5957 6114
140 5945 6144
129 5914 6163
138 5944 6185
145 5953 6195
133 5932 6225
137 5941 6245
135 5940 6275
143 5949 6296
125 5910 6264
107 5890 6253
91 5859 6272
78 5838 6281
87 5850 6251
67 5817 6311
62 5805 6350
102 5876 6333
114 5897 6324
115 5898 6304
175 5991 6247
198 6031 6259
199 6033 6229
200 6034 6209
212 6054 6200
208 6045 6179
201 6035 6168
184 6015 6178
185 6016 6147
195 6028 6107
178 5998 6096
197 6031 6047
215 6060 6058
206 6042 6017
243 6094 5989
256 6114 5990
301 6155 5982
322 6176 5962
290 6147 5931
269 6126 5940
250 6108 5899
230 6078 5887
232 6080 5847
233 6081 5817
235 6082 5796
203 6041 5805
187 6019 5854
173 5989 5833
162 5977 5873
176 5997 5884
193 6025 5935
209 6046 5916
219 6065 5957
179 6004 5965
169 5984 5964
168 5982 6004
139 5945 5922
262 6120 5859
297 6151 5840
329 6181 5841
341 6190 5862
364 6210 5863
401 6241 5854
442 6272 5835
388 6233 5803
390 6234 5793
368 6213 5802
334 6184 5781
298 6153 5800
275 6134 5758
255 6114 5767
288 6146 5708
321 6176 5730
373 6217 5701
350 6199 5670
305 6159 5648
410 6249 5672
454 6278 5694
472 6289 5684
557 6353 5829
428 6259 5915
437 6267 5946
422 6256 5966
447 6275 5997
479 6294 6038
433 6263 6057
419 6253 6047
476 6292 6089
411 6249 6137
360 6207 6166
306 6159 6113
280 6141 6072
283 6142 6042
316 6172 6053
253 6111 6050
251 6109 6091
231 6078 6110
239 6088 6130
238 6087 6150
270 6126 6172
266 6123 6253
254 6111 6293
281 6141 6304
308 6161 6295
295 6150 6325
279 6139 6335
240 6089 6322
214 6058 6351
228 6077 6372
225 6076 6403
236 6085 6423
247 6105 6424
248 6106 6394
213 6055 6422
218 6063 6453
207 6042 6472
217 6062 6483
204 6041 6502
216 6060 6523
188 6019 6552
194 6026 6603
226 6076 6615
220 6065 6645
224 6074 6666
257 6115 6667
258 6116 6637
260 6117 6607
291 6147 6628
348 6196 6651
377 6218 6621
426 6258 6623
423 6256 6663
467 6286 6675
446 6274 6715
391 6234 6723
371 6215 6692
299 6154 6689
267 6123 6708
264 6121 6759
241 6090 6777
245 6098 6808
221 6068 6817
210 6046 6856
237 6086 6868
271 6127 6850
293 6148 6841
325 6177 6862
312 6166 6892
335 6185 6903
276 6135 6901
317 6172 6973
346 6193 6964
369 6213 6955
392 6234 6935
448 6276 6907
501 6317 6888
583 6368 6891
596 6377 6921
627 6397 6912
561 6355 6961
493 6311 7040
553 6350 7072
587 6370 7063
526 6329 7091
471 6288 7099
450 6277 7119
395 6236 7138
385 6227 7107
313 6166 7114
300 6154 7144
320 6174 7165
345 6191 7237
340 6189 7277
314 6167 7327
302 6156 7346
375 6217 7329
457 6280 7271
490 6302 7242
576 6362 7264
590 6373 7235
634 6401 7276
547 6344 7193
564 6357 7143
629 6398 7124
651 6409 7095
731 6465 6986
928 6585 7001
902 6573 7041
1017 6638 6963
1058 6667 6995
1173 6738 6967
1178 6740 6937
1228 6770 6939
1160 6731 6906
1085 6681 6894
1201 6753 6857
1218 6764 6837
1185 6746 6786
1211 6758 6756
1134 6717 6754
1082 6678 6732
1045 6659 6711
1108 6700 6683
1177 6740 6705
1197 6752 6655
1280 6803 6657
1282 6804 6617
1249 6785 6595
1268 6797 6545
1314 6827 6557
1340 6839 6527
1384 6859 6528
1421 6889 6539
1467 6910 6520
1528 6948 6572
1477 6917 6591
1474 6915 6621
1416 6885 6610
1393 6867 6579
1388 6863 6670
1367 6852 6689
1294 6810 6718
1261 6791 6697
1047 6661 6651
1049 6663 6610
1089 6685 6581
1131 6716 6562
1170 6737 6543
1175 6739 6502
1213 6760 6473
1159 6731 6452
1140 6720 6471
1066 6670 6459
1061 6668 6489
963 6607 6497
947 6599 6456
951 6600 6436
897 6570 6434
873 6558 6464
816 6519 6442
794 6510 6422
849 6541 6393
853 6543 6352
923 6583 6354
937 6591 6405
1034 6651 6428
1125 6712 6410
1150 6725 6350
1152 6727 6300
1091 6688 6278
1013 6636 6306
1010 6635 6326
1030 6645 6326
1027 6644 6357
940 6596 6304
980 6617 6275
965 6608 6244
717 6456 6268
616 6392 6326
605 6381 6345
586 6370 6365
555 6352 6324
512 6321 6333
459 6281 6341
518 6324 6262
521 6326 6222
500 6317 6191
356 6204 6247
181 6010 6289
186 6017 6360
242 6093 6474
265 6122 6506
263 6120 6536
296 6150 6548
343 6190 6559
339 6189 6590
413 6250 6582
416 6251 6552
456 6280 6584
636 6402 6569
742 6473 6562
804 6514 6553
808 6515 6523
761 6485 6512
715 6455 6520
735 6467 6470
722 6458 6450
688 6439 6419
692 6441 6368
769 6491 6380
777 6497 6472
886 6566 6525
641 6406 6478
562 6356 6688
520 6325 6717
515 6323 6757
495 6313 6757
545 6342 6778
554 6351 6819
488 6300 6817
475 6291 6786
402 6241 6774
353 6201 6782
328 6180 6802
307 6160 6791
332 6182 6751
397 6239 6834
361 6208 6853
366 6211 7005
171 5986 6844
146 5956 6832
163 5977 6803
164 5978 6783
165 5980 6742
166 5981 6712
182 6011 6723
205 6041 6735
223 6071 6736
196 6029 6785
192 6024 6663
155 5964 6651
153 5963 6671
157 5966 6610
110 5892 6668
75 5829 6726
53 5788 6744
41 5758 6733
47 5776 6774
35 5746 6783
34 5744 6823
14 5694 6801
12 5682 6840
7 5663 6830
10 5671 6870
13 5690 6891
4 5659 6910
5 5659 6920
1 5639 6909
16 5698 6952
38 5749 6944
37 5748 6965
50 5780 6916
25 5731 6893
23 5722 6873
112 5895 6840
122 5908 6759
73 5825 6594
63 5806 6563
84 5847 6544
93 5860 6484
116 5900 6496
127 5912 6456
113 5896 6122
303 6158 5901
379 6219 5903
374 6217 5944
370 6215 5984
1235 6777 6322
1301 6815 6364
1278 6802 6434
1327 6831 6466
1364 6850 6487
1583 6988 6584
1539 6955 6633
1720 7061 6517
1763 7084 6467
1867 7143 6500
1914 7176 6451
1871 7147 6399
1748 7077 6386
1792 7101 6306
1800 7106 6185
1747 7077 6153
1713 7058 6132
1678 7039 6111
1718 7061 6072
1737 7071 6062
1775 7090 6083
1827 7122 6064
1828 7123 6044
1866 7143 6045
1797 7104 6013
1762 7084 5992
1765 7085 5972
1730 7066 5951
1708 7055 5970
1670 7034 5990
1687 7043 6020
1741 7073 6012
1664 7031 6060
1546 6960 6057
1465 6909 6065
1490 6922 6005
1454 6903 5974
1506 6935 5945
1512 6937 5905
1415 6885 5922
1402 6877 5882
1419 6888 5862
1444 6898 5862
1604 6998 5887
1602 6997 5907
1660 7027 5908
1752 7078 5901
1838 7130 5883
1876 7151 5853
1806 7111 5841
1791 7101 5841
1898 7163 5813
1952 7204 5805
1948 7202 5855
1989 7219 5917
2032 7247 5969
2106 7287 5970
2092 7279 5930
2165 7320 5931
2182 7329 5952
2237 7359 5943
2236 7358 5973
2264 7377 5995
2265 7377 6015
2229 7355 6034
2286 7385 6045
2356 7426 6037
2342 7417 6006
2305 7398 5975
2364 7430 5936
2394 7449 5967
2431 7478 6009
2429 7477 6039
2404 7456 6049
2388 7445 6078
2423 7475 6080
2483 7506 6061
2567 7556 6083
2564 7555 6103
2632 7595 6105
2616 7584 6135
2675 7624 6137
2729 7653 6168
2779 7684 6149
2821 7702 6191
2837 7711 6221
2866 7731 6242
2914 7760 6264
2962 7790 6265
2983 7801 6246
3035 7833 6207
3068 7852 6238
3144 7894 6209
3094 7864 6188
3076 7856 6147
3025 7826 6135
3010 7817 6105
2953 7786 6124
2907 7755 6142
2972 7795 6164
2935 7773 6194
2891 7749 6294
2846 7718 6303
2786 7688 6301
2754 7665 6351
2715 7644 6370
2691 7633 6400
2750 7662 6432
2747 7660 6462
2790 7691 6463
2850 7720 6485
2831 7708 6525
2912 7759 6527
2939 7778 6538
3014 7819 6529
2943 7780 6487
2966 7792 6457
3033 7832 6459
3021 7824 6408
3026 7826 6378
3100 7867 6370
3132 7887 6361
3134 7889 6310
3166 7910 6291
3185 7920 6311
3230 7949 6323
3218 7938 6353
3273 7978 6354
3258 7967 6384
3213 7935 6423
3236 7953 6464
3281 7984 6466
3331 8013 6497
3387 8043 6499
3431 8074 6490
3475 8104 6481
3445 8085 6450
3414 8066 6439
3372 8035 6438
3333 8015 6437
3351 8027 6407
3379 8039 6357
3325 8010 6336
3307 8000 6315
3360 8031 6316
3411 8062 6297
3455 8091 6319
3438 8080 6339
3482 8109 6380
3555 8159 6393
3601 8190 6374
3629 8209 6405
3692 8249 6407
3753 8289 6418
3722 8267 6448
3688 8246 6467
3737 8276 6479
3699 8254 6518
3714 8264 6539
3674 8242 6558
3667 8231 6578
3694 8250 6609
3652 8220 6618
3613 8199 6637
3567 8169 6626
3552 8157 6655
3646 8217 6688
3684 8245 6720
3685 8245 6740
3717 8265 6731
3658 8224 6749
3676 8243 6780
3777 8308 6672
3756 8292 6590
3757 8293 6560
3802 8324 6531
3819 8337 6481
3807 8328 6451
3855 8367 6472
3896 8399 6454
3923 8421 6414
3882 8393 6362
3860 8372 6372
3857 8371 6382
3810 8331 6390
3742 8281 6378
3697 8253 6326
3619 8202 6334
3622 8203 6304
3577 8174 6282
3543 8152 6311
3512 8131 6331
3471 8103 6269
3478 8105 6239
3518 8135 6240
3521 8136 6210
3540 8149 6160
3433 8077 6187
3391 8045 6216
3283 7985 6193
3225 7944 6221
3212 7935 6191
3159 7906 6159
3150 7899 6098
3136 7890 6067
3126 7881 6027
3062 7849 6066
3017 7820 6044
3002 7811 6024
2984 7802 5993
2926 7770 6022
2958 7788 6073
2845 7717 6090
2770 7677 6088
2758 7667 6078
2740 7658 6057
2681 7627 6076
2700 7636 6087
2621 7588 6044
2587 7569 6003
2508 7519 6001
2555 7551 5952
2530 7532 5931
2659 7613 5924
2727 7651 5976
2777 7681 5977
2788 7690 6018
2812 7699 6039
2705 7639 6016
2594 7572 6175
2527 7531 6183
2537 7539 6224
2506 7518 6243
2467 7498 6232
2437 7479 6211
2406 7459 6210
2391 7447 6250
2453 7486 6292
2485 7507 6263
2549 7547 6285
2605 7577 6276
2638 7598 6257
2682 7628 6268
2684 7629 6248
2746 7660 6229
2652 7607 6288
2666 7616 6318
2650 7605 6338
2697 7635 6339
2560 7553 6376
2528 7531 6416
2472 7501 6394
2444 7483 6353
2499 7514 6344
2533 7535 6315
2369 7434 6310
2348 7423 6340
2245 7366 6267
2206 7346 6256
2192 7337 6225
2266 7377 6237
2306 7398 6218
2270 7379 6197
2210 7349 6175
2149 7310 6143
2093 7280 6132
2077 7271 6121
2019 7241 6120
1966 7210 6119
2013 7238 6170
2091 7278 6192
2132 7298 6193
2080 7272 6091
2159 7314 6052
2087 7275 6030
2051 7255 6009
1933 7195 5997
1975 7213 6058
1822 7119 6125
1833 7126 5963
1852 7137 5933
1597 6994 5968
1562 6973 5987
1439 6896 6135
1387 6863 6205
1341 6840 6254
2223 7353 6084
2334 7413 6097
2317 7402 6127
2327 7410 6168
2419 7472 6140
2294 7391 5914
2199 7341 5892
2139 7301 5890
2119 7292 5859
2124 7294 5829
2125 7295 5809
2204 7345 5801
2287 7386 5803
2235 7358 5751
2162 7317 5759
2105 7287 5758
2215 7350 5700
2219 7352 5650
2386 7444 5856
2399 7452 5897
2989 7805 5922
3036 7834 5954
3202 7930 6079
3244 7961 6050
3289 7989 6122
3378 8038 6145
3267 7973 6253
3232 7952 6262
3329 8012 6275
3084 7860 6289
3050 7839 6298
2908 7755 6375
2839 7713 6424
2896 7752 6446
3095 7865 6410
3140 7892 6472
3169 7912 6493
3233 7952 6505
3262 7971 6526
3308 8000 6547
3290 7989 6567
3302 7998 6608
3284 7986 6648
3347 8026 6650
3416 8067 6651
3407 8058 6621
3398 8049 6600
3382 8040 6569
3456 8091 6551
3461 8092 6541
3460 8092 6521
3531 8142 6543
3571 8171 6575
3603 8191 6586
3607 8193 6526
3641 8214 6516
3660 8225 6497
3578 8174 6504
3546 8154 6493
3583 8176 6454
3524 8137 6432
3483 8109 6603
3250 7964 6687
3207 7932 6716
3139 7891 6725
3275 7979 6809
3322 8008 6831
3383 8040 6802
3340 8020 6781
3368 8034 6923
3369 8034 6943
3361 8031 7004
3675 8242 7023
3729 8272 7045
3743 8281 7075
4000 8472 7084
4023 8490 6913
4123 8575 6815
4116 8566 6784
4089 8547 6763
4091 8548 6733
4126 8579 6724
4110 8560 6693
4120 8571 6663
4073 8531 6672
4083 8543 6622
4113 8564 6592
4104 8555 6572
4054 8515 6570
4053 8515 6560
4060 8517 6530
4018 8487 6518
4009 8478 6497
3968 8448 6486
3997 8469 6457
4026 8491 6417
4097 8551 6430
4078 8539 6470
4107 8558 6511
4140 8589 6482
4161 8618 6514
4154 8608 6523
4145 8597 6533
4183 8639 6494
4203 8669 6506
4201 8667 6556
4216 8686 6587
4180 8636 6585
4166 8625 6605
4142 8594 6604
4156 8612 6655
4176 8633 6646
4199 8663 6657
4186 8641 6687
4184 8639 6737
4169 8628 6757
4146 8597 6766
4181 8637 6788
4219 8688 6780
4228 8700 6740
4237 8711 6720
4242 8722 6700
4288 8773 6682
4249 8728 6559
4266 8748 6550
4032 8494 6589
3960 8444 6567
3975 8455 6547
3909 8406 6525
3887 8395 6544
3883 8393 6575
3943 8432 6607
3824 8343 6340
3863 8374 6331
3826 8345 6300
3772 8304 6298
3203 7930 6544
3125 7880 6532
2886 7747 6567
2883 7745 6607
2826 7705 6595
2783 7686 6574
2716 7644 6603
2660 7613 6621
2576 7563 6609
2529 7531 6638
2496 7512 6607
2480 7504 6576
2445 7483 6575
2450 7485 6545
2412 7466 6504
2392 7447 6483
2432 7478 6474
2417 7469 6433
2593 7570 6448
2623 7589 6479
2669 7618 6510
2721 7648 6522
2686 7630 6450
2570 7557 6518
2617 7585 6570
2573 7561 6660
2572 7558 6710
2488 7508 6708
2438 7479 6686
2459 7490 6667
2663 7615 6793
2556 7551 6872
2440 7480 6889
2176 7326 6943
2187 7332 7044
2150 7310 7083
2130 7297 7133
2033 7247 7121
2036 7250 7071
1964 7209 7069
1990 7221 7039
1976 7213 6988
1842 7132 6985
1793 7102 6983
1758 7081 6993
1776 7090 7013
1861 7140 7025
1889 7158 7077
1850 7136 7116
1831 7124 7156
1798 7104 7165
1764 7084 7154
1674 7035 7132
1613 7004 7141
1565 6974 7129
1592 6992 7191
1652 7023 7172
1666 7031 7223
1663 7030 7243
1606 6999 7242
1530 6949 7229
1484 6920 7208
1503 6931 7178
1401 6875 7085
1377 6856 7064
1458 6906 7056
1694 7048 7062
1915 7176 7128
1980 7215 7160
1977 7213 7211
2044 7252 7243
2062 7263 7233
2098 7283 7224
2122 7293 7244
2078 7271 7264
2037 7250 7283
2002 7230 7282
2035 7249 7323
2072 7269 7314
2055 7258 7344
1998 7227 7353
1936 7197 7351
1917 7177 7351
1884 7155 7380
1938 7198 7321
1905 7170 7269
1877 7151 7238
1899 7163 7198
1829 7123 7197
1738 7071 7225
1715 7059 7275
1823 7119 7287
1837 7129 7278
1802 7107 7317
2068 7266 7395
2102 7285 7416
2085 7274 7446
1972 7212 7473
2148 7307 7376
2151 7310 7306
2188 7332 7276
2224 7353 7247
2344 7419 7129
2733 7654 7523
2801 7694 7545
2805 7696 7505
2774 7680 7858
2707 7639 7886
2704 7638 7896
2678 7626 7936
2772 7677 7928
2810 7698 7909
2830 7707 7950
2692 7633 8007
2630 7593 8006
2434 7478 8082
2393 7448 8080
2396 7450 8262
2813 7699 8354
2893 7749 8144
3270 7975 8295
3499 8121 8403
3568 8169 8466
3919 8415 8385
3947 8436 8376
3952 8437 8346
4074 8532 8259
4103 8554 8230
4114 8565 8200
4086 8545 8189
4125 8578 8140
4171 8628 8142
4195 8659 8143
4185 8640 8112
4198 8662 8073
4207 8673 8043
4175 8632 8061
4128 8581 8059
4096 8550 8078
4134 8584 7988
4158 8615 7980
4179 8635 7980
4211 8676 7982
4212 8678 7932
4221 8688 7922
4205 8670 7891
4196 8661 7860
4148 8600 7868
4167 8627 7929
4124 8576 7947
3986 8463 7983
3958 8442 8002
3976 8455 7932
3933 8426 7921
4099 8552 7795
4247 8726 7984
4282 8766 7986
4304 8797 7977
4290 8779 7936
4347 8874 8062
4194 8655 8214
4159 8615 8212
4151 8604 8242
4164 8622 8283
4197 8661 8315
4208 8673 8265
4238 8711 8338
4241 8718 8409
4130 8581 8534
4160 8617 8172
3367 8033 8813
3313 8002 8822
3310 8001 8842
3300 7996 8953
3107 7871 8816
3065 7851 8805
3022 7824 8734
1979 7214 8575
1672 7034 8537
1540 6955 8493
1522 6943 8523
1430 6892 8541
1390 6864 8499
1347 6843 8519
1350 6844 8478
1247 6783 8486
1269 6797 8396
1476 6916 8451
1511 6936 8462
1714 7058 8437
1717 7060 8407
1684 7042 8346
1631 7012 8344
1669 7033 8315
1493 6922 8330
1542 6956 8231
1365 6850 8570
1450 6900 8592
1532 6950 8604
1233 6774 9395
1596 6993 9698
1578 6983 9708
1480 6917 9826
1551 6962 9960
1501 6929 10009
1466 6909 10018
1451 6900 9987
1499 6927 10069
1441 6896 10078
1626 7010 10002
1699 7049 10034
1743 7073 10187
1880 7152 10241
1943 7199 10081
2420 7472 9618
2465 7494 9578
2534 7535 9570
2581 7565 9582
2505 7517 9519
2455 7487 9507
2512 7519 9468
2441 7480 9436
2395 7449 9445
2475 7502 9397
2447 7483 9356
2426 7475 9325
2519 7524 9357
3008 7814 9431
3113 7874 9443
3249 7963 9710
3235 7952 9730
3345 8022 9763
3123 7878 9818
3043 7836 9856
3040 7835 9866
3114 7875 9878
3174 7914 9910
3195 7925 9890
3238 7954 9932
3315 8004 9924
3390 8044 9956
3428 8072 9988
3459 8091 10019
3362 8031 10016
3381 8039 10067
3419 8068 10089
3449 8087 10110
3495 8119 10081
3374 8036 10118
3287 7986 10105
3401 8050 10270
3357 8029 10299
3353 8027 10330
3375 8036 10350
3376 8036 10370
3336 8016 10349
3301 7996 10348
3282 7984 10398
3420 8068 10331
3054 7840 10675
3001 7810 10674
1937 7197 9424
1397 6870 7671
1411 6883 7590
1088 6684 7299
1051 6663 7308
1053 6664 7278
999 6625 7256
906 6574 7253
911 6577 7203
1291 6808 7223
1292 6809 7203
1279 6802 6899
2840 7713 6636
4157 8614 6837
4281 8766 6844
4338 8866 6858
4348 8875 6899
4319 8821 6967
4402 8973 6954
4410 8994 6935
4422 9025 6936
4432 9056 6917
4438 9076 6928
4448 9108 6889
4439 9078 6867
4457 9140 6830
4458 9143 6779
4456 9134 6738
4444 9094 6737
4442 9087 6676
4445 9098 6646
4449 9110 6606
4443 9090 6595
4433 9060 6594
4440 9082 6544
4452 9127 6677
4459 9158 6901
4460 9166 6932
4461 9176 6953
4441 9083 6989
4428 9043 6987
4412 9002 6996
4411 8996 6904
4404 8977 6873
